================================================================
== Design Size Report
================================================================

* C-Synthesis has not completed!

* Total Instructions per Compilation Phase
+---------------+--------------------+--------------+----------------------------------------------------------------------------------+
| Phase         | Step               | Instructions | Description                                                                      |
+---------------+--------------------+--------------+----------------------------------------------------------------------------------+
| Compile/Link  |                    |     7,832    | After all functions are compiled and linked into a single design                 |
|               |                    |              |                                                                                  |
| Unroll/Inline |                    |              | After user unroll and inline pragmas are applied                                 |
|               | (1) unroll         | 4,565,337 *  | user unroll pragmas are applied                                                  |
|               | (2) simplification | 1,234,739 *  | simplification of applied user unroll pragmas                                    |
|               | (3) inline         | 1,233,314 *  | user inline pragmas are applied                                                  |
|               | (4) simplification | 1,229,911 *  | simplification of applied user inline pragmas                                    |
|               |                    |              |                                                                                  |
| Array/Struct  |                    | pending      | After user array partition and struct aggregate/disaggregate pragmas are applied |
| Performance   |                    |              | After transformations are applied to meet performance pragma targets             |
| HW Transforms |                    |              | After hardware transfomations                                                    |
+---------------+--------------------+--------------+----------------------------------------------------------------------------------+
    * - Exceeded design size warning message threshold

* Instructions per Function for each Compilation Phase
+-----------------------------------------+-----------------------------+----------------+---------------+
| Function                                | Location                    | Compile/Link   | Unroll/Inline |
+-----------------------------------------+-----------------------------+----------------+---------------+
| + myproject                             | myproject.cpp:6             | 7,832          | 1,229,911 *   |
|  + zeropad2d_cl<nnet::array<ap_...      | nnet_padding_stream.h:48    |  454           |      29       |
|   + fill_zero<nnet::array<ap_fix...     | nnet_padding_stream.h:8     |  332 (4 calls) |               |
|      operator[]                         | nnet_types.h:17             |   12 (4 calls) |               |
|   + fill_data<nnet::array<ap_fix...     | nnet_padding_stream.h:18    |   44           |               |
|      operator[]                         | nnet_types.h:17             |    6 (2 calls) |               |
|  + conv_2d_cl<nnet::array<ap_fi...      | nnet_conv2d_stream.h:96     |  913           |   4,359       |
|   + conv_2d_buffer_cl<nnet::arra...     | nnet_conv2d_stream.h:68     |  911           |               |
|    + compute_output_buffer_2d<nne...    | nnet_conv_stream.h:256      |  854           |               |
|     + shift_line_buffer<nnet::arra...   | nnet_conv_stream.h:220      |  157           |               |
|        operator[]                       | nnet_types.h:19             |    3           |               |
|        kernel_shift_2d<nnet::array<...  | nnet_conv_stream.h:186      |   75           |               |
|     + dense_latency<ap_fixed<8, 3,...   | nnet_dense_latency.h:13     |  595           |               |
|        product                          | nnet_mult.h:70              |  141           |               |
|        cast<ap_fixed<8, 3, AP_TRN, ...  | nnet_mult.h:110             |    3           |               |
|       operator[]                        | nnet_types.h:17             |    3           |               |
|   + compute_output_buffer_2d<nne...     | nnet_conv_stream.h:256      |                |   4,329       |
|      shift_line_buffer<nnet::arra...    | nnet_conv_stream.h:220      |                |      75       |
|      dense_latency<ap_fixed<8, 3,...    | nnet_dense_latency.h:13     |                |   4,177       |
|  + relu<nnet::array<ap_fixed<8,...      | nnet_activation_stream.h:39 |  215           |      66       |
|     operator[]                          | nnet_types.h:17             |   12 (4 calls) |               |
|  + pooling2d_cl<nnet::array<ap_...      | nnet_pooling_stream.h:253   |  431           |     496       |
|   + pooling2d_buffer_cl<nnet::ar...     | nnet_pooling_stream.h:232   |  429           |               |
|    + compute_pool_buffer_2d<nnet:...    | nnet_pooling_stream.h:166   |  371           |               |
|     + shift_line_buffer<nnet::arra...   | nnet_conv_stream.h:220      |  157           |               |
|        operator[]                       | nnet_types.h:19             |    3           |               |
|        kernel_shift_2d<nnet::array<...  | nnet_conv_stream.h:186      |   75           |               |
|     + reduce_pool<ap_fixed<8, 3, A...   | nnet_pooling_stream.h:17    |   92           |               |
|      + reduce<ap_fixed<8, 3, AP_TRN...  | nnet_common.h:36            |   89           |               |
|       + reduce<ap_fixed<8, 3, AP_TRN... | nnet_common.h:36            |   60 (2 calls) |               |
|          operator()                     | nnet_common.h:65            |   40 (2 calls) |               |
|         operator()                      | nnet_common.h:65            |   20           |               |
|       operator[]                        | nnet_types.h:17             |    3           |               |
|     shift_line_buffer<nnet::arra...     | nnet_conv_stream.h:220      |                |      99       |
|  + zeropad2d_cl<nnet::array<ap_...      | nnet_padding_stream.h:48    |  454           |      29       |
|   + fill_zero<nnet::array<ap_fix...     | nnet_padding_stream.h:8     |  332 (4 calls) |               |
|      operator[]                         | nnet_types.h:17             |   12 (4 calls) |               |
|   + fill_data<nnet::array<ap_fix...     | nnet_padding_stream.h:18    |   44           |               |
|      operator[]                         | nnet_types.h:17             |    6 (2 calls) |               |
|  + conv_2d_cl<nnet::array<ap_fi...      | nnet_conv2d_stream.h:96     |  913           |  22,550       |
|   + conv_2d_buffer_cl<nnet::arra...     | nnet_conv2d_stream.h:68     |  911           |               |
|    + compute_output_buffer_2d<nne...    | nnet_conv_stream.h:256      |  854           |               |
|     + shift_line_buffer<nnet::arra...   | nnet_conv_stream.h:220      |  157           |               |
|        operator[]                       | nnet_types.h:19             |    3           |               |
|        kernel_shift_2d<nnet::array<...  | nnet_conv_stream.h:186      |   75           |               |
|     + dense_latency<ap_fixed<8, 3,...   | nnet_dense_latency.h:13     |  595           |               |
|        product                          | nnet_mult.h:70              |  141           |               |
|        cast<ap_fixed<8, 3, AP_TRN, ...  | nnet_mult.h:110             |    3           |               |
|       operator[]                        | nnet_types.h:17             |    3           |               |
|   + compute_output_buffer_2d<nne...     | nnet_conv_stream.h:256      |                |  22,505       |
|      shift_line_buffer<nnet::arra...    | nnet_conv_stream.h:220      |                |     195       |
|      dense_latency<ap_fixed<8, 3,...    | nnet_dense_latency.h:13     |                |  22,209       |
|  + relu<nnet::array<ap_fixed<8,...      | nnet_activation_stream.h:39 |  215           |     122       |
|     operator[]                          | nnet_types.h:17             |   12 (4 calls) |               |
|  + pooling2d_cl<nnet::array<ap_...      | nnet_pooling_stream.h:253   |  431           |     896       |
|   + pooling2d_buffer_cl<nnet::ar...     | nnet_pooling_stream.h:232   |  429           |               |
|    + compute_pool_buffer_2d<nnet:...    | nnet_pooling_stream.h:166   |  371           |               |
|     + shift_line_buffer<nnet::arra...   | nnet_conv_stream.h:220      |  157           |               |
|        operator[]                       | nnet_types.h:19             |    3           |               |
|        kernel_shift_2d<nnet::array<...  | nnet_conv_stream.h:186      |   75           |               |
|     + reduce_pool<ap_fixed<8, 3, A...   | nnet_pooling_stream.h:17    |   92           |               |
|      + reduce<ap_fixed<8, 3, AP_TRN...  | nnet_common.h:36            |   89           |               |
|       + reduce<ap_fixed<8, 3, AP_TRN... | nnet_common.h:36            |   60 (2 calls) |               |
|          operator()                     | nnet_common.h:65            |   40 (2 calls) |               |
|         operator()                      | nnet_common.h:65            |   20           |               |
|       operator[]                        | nnet_types.h:17             |    3           |               |
|     shift_line_buffer<nnet::arra...     | nnet_conv_stream.h:220      |                |     195       |
|  + zeropad2d_cl<nnet::array<ap_...      | nnet_padding_stream.h:48    |  454           |      29       |
|   + fill_zero<nnet::array<ap_fix...     | nnet_padding_stream.h:8     |  332 (4 calls) |               |
|      operator[]                         | nnet_types.h:17             |   12 (4 calls) |               |
|   + fill_data<nnet::array<ap_fix...     | nnet_padding_stream.h:18    |   44           |               |
|      operator[]                         | nnet_types.h:17             |    6 (2 calls) |               |
|  + conv_2d_cl<nnet::array<ap_fi...      | nnet_conv2d_stream.h:96     |  913           |  84,036       |
|   + conv_2d_buffer_cl<nnet::arra...     | nnet_conv2d_stream.h:68     |  911           |               |
|    + compute_output_buffer_2d<nne...    | nnet_conv_stream.h:256      |  854           |               |
|     + shift_line_buffer<nnet::arra...   | nnet_conv_stream.h:220      |  157           |               |
|        operator[]                       | nnet_types.h:19             |    3           |               |
|        kernel_shift_2d<nnet::array<...  | nnet_conv_stream.h:186      |   75           |               |
|     + dense_latency<ap_fixed<8, 3,...   | nnet_dense_latency.h:13     |  595           |               |
|        product                          | nnet_mult.h:70              |  141           |               |
|        cast<ap_fixed<8, 3, AP_TRN, ...  | nnet_mult.h:110             |    3           |               |
|       operator[]                        | nnet_types.h:17             |    3           |               |
|   + compute_output_buffer_2d<nne...     | nnet_conv_stream.h:256      |                |  83,967       |
|      shift_line_buffer<nnet::arra...    | nnet_conv_stream.h:220      |                |     387       |
|      dense_latency<ap_fixed<8, 3,...    | nnet_dense_latency.h:13     |                |  83,431       |
|  + relu<nnet::array<ap_fixed<8,...      | nnet_activation_stream.h:39 |  215           |     234       |
|     operator[]                          | nnet_types.h:17             |   12 (4 calls) |               |
|  + pooling2d_cl<nnet::array<ap_...      | nnet_pooling_stream.h:253   |  431           |   1,699       |
|   + pooling2d_buffer_cl<nnet::ar...     | nnet_pooling_stream.h:232   |  429           |               |
|    + compute_pool_buffer_2d<nnet:...    | nnet_pooling_stream.h:166   |  371           |               |
|     + shift_line_buffer<nnet::arra...   | nnet_conv_stream.h:220      |  157           |               |
|        operator[]                       | nnet_types.h:19             |    3           |               |
|        kernel_shift_2d<nnet::array<...  | nnet_conv_stream.h:186      |   75           |               |
|     + reduce_pool<ap_fixed<8, 3, A...   | nnet_pooling_stream.h:17    |   92           |               |
|      + reduce<ap_fixed<8, 3, AP_TRN...  | nnet_common.h:36            |   89           |               |
|       + reduce<ap_fixed<8, 3, AP_TRN... | nnet_common.h:36            |   60 (2 calls) |               |
|          operator()                     | nnet_common.h:65            |   40 (2 calls) |               |
|         operator()                      | nnet_common.h:65            |   20           |               |
|       operator[]                        | nnet_types.h:17             |    3           |               |
|     shift_line_buffer<nnet::arra...     | nnet_conv_stream.h:220      |                |     387       |
|  + dense<nnet::array<ap_fixed<8...      | nnet_dense_stream.h:26      |  693           | 1,111,711     |
|     operator[]                          | nnet_types.h:17             |    6 (2 calls) |               |
|   + dense_wrapper<ap_fixed<8, 3,...     | nnet_dense_stream.h:13      |  597           |               |
|    + dense_latency<ap_fixed<8, 3,...    | nnet_dense_latency.h:13     |  595           |               |
|       product                           | nnet_mult.h:70              |  141           |               |
|       cast<ap_fixed<8, 3, AP_TRN, ...   | nnet_mult.h:110             |    3           |               |
|     dense_latency<ap_fixed<8, 3,...     | nnet_dense_latency.h:13     |                | 1,111,471     |
|  + relu<nnet::array<ap_fixed<8,...      | nnet_activation_stream.h:39 |  215           |     229       |
|     operator[]                          | nnet_types.h:17             |   12 (4 calls) |               |
|  + dense<nnet::array<ap_fixed<8...      | nnet_dense_stream.h:26      |  693           |   3,295       |
|     operator[]                          | nnet_types.h:17             |    6 (2 calls) |               |
|   + dense_wrapper<ap_fixed<8, 3,...     | nnet_dense_stream.h:13      |  597           |               |
|    + dense_latency<ap_fixed<8, 3,...    | nnet_dense_latency.h:13     |  595           |               |
|       product                           | nnet_mult.h:70              |  141           |               |
|       cast<ap_fixed<8, 3, AP_TRN, ...   | nnet_mult.h:110             |    3           |               |
|     dense_latency<ap_fixed<8, 3,...     | nnet_dense_latency.h:13     |                |   3,174       |
+-----------------------------------------+-----------------------------+----------------+---------------+
    * - Exceeded design size warning message threshold

* Design Size Message Settings
+---------------------------------------------+--------+------------------------------------------------------------------+
| Message Setting                             | Value  | Description                                                      |
+---------------------------------------------+--------+------------------------------------------------------------------+
| config_compile -design_size_maximum_warning | 100000 | Show a warning when total design instructions exceeds this value |
+---------------------------------------------+--------+------------------------------------------------------------------+


